# JRE version: OpenJDK Runtime Environment (21.0.6) (build 21.0.6+-13368085-b895.109)
# Java VM: OpenJDK 64-Bit Server VM (21.0.6+-13368085-b895.109, mixed mode, tiered, compressed oops, compressed class ptrs, g1 gc, windows-amd64)
GC Precious Log:
 CardTable entry size: 512
 Card Set container configuration: InlinePtr #cards 5 size 8 Array Of Cards #cards 12 size 40 Howl #buckets 4 coarsen threshold 1843 Howl Bitmap #cards 512 size 80 coarsen threshold 460 Card regions per heap region 1 cards per card region 2048
 CPUs: 12 total, 12 available
 Memory: 15693M
 Large Page Support: Disabled
 NUMA Support: Disabled
 Compressed Oops: Enabled (32-bit)
 Heap Region Size: 1M
 Heap Min Capacity: 8M
 Heap Initial Capacity: 246M
 Heap Max Capacity: 2G
 Pre-touch: Disabled
 Parallel Workers: 10
 Concurrent Workers: 3
 Concurrent Refinement Workers: 10
 Periodic GC: Disabled
Heap:
 garbage-first heap   total 83968K, used 55975K [0x0000000080000000, 0x0000000100000000)
  region size 1024K, 27 young (27648K), 6 survivors (6144K)
 Metaspace       used 51958K, committed 53504K, reserved 1114112K
  class space    used 7100K, committed 7872K, reserved 1048576K
GC Heap History (20 events):
Event: 0.659 GC heap before
{Heap before GC invocations=0 (full 0):
 garbage-first heap   total 251904K, used 22528K [0x0000000080000000, 0x0000000100000000)
  region size 1024K, 23 young (23552K), 0 survivors (0K)
 Metaspace       used 7981K, committed 8128K, reserved 1114112K
  class space    used 709K, committed 768K, reserved 1048576K
}
Event: 0.662 GC heap after
{Heap after GC invocations=1 (full 0):
 garbage-first heap   total 251904K, used 3584K [0x0000000080000000, 0x0000000100000000)
  region size 1024K, 3 young (3072K), 3 survivors (3072K)
 Metaspace       used 7981K, committed 8128K, reserved 1114112K
  class space    used 709K, committed 768K, reserved 1048576K
}
Event: 1.304 GC heap before
{Heap before GC invocations=1 (full 0):
 garbage-first heap   total 251904K, used 39424K [0x0000000080000000, 0x0000000100000000)
  region size 1024K, 36 young (36864K), 3 survivors (3072K)
 Metaspace       used 12127K, committed 12288K, reserved 1114112K
  class space    used 1273K, committed 1344K, reserved 1048576K
}
Event: 1.309 GC heap after
{Heap after GC invocations=2 (full 0):
 garbage-first heap   total 251904K, used 11421K [0x0000000080000000, 0x0000000100000000)
  region size 1024K, 5 young (5120K), 5 survivors (5120K)
 Metaspace       used 12127K, committed 12288K, reserved 1114112K
  class space    used 1273K, committed 1344K, reserved 1048576K
}
Event: 1.860 GC heap before
{Heap before GC invocations=2 (full 0):
 garbage-first heap   total 251904K, used 58525K [0x0000000080000000, 0x0000000100000000)
  region size 1024K, 50 young (51200K), 5 survivors (5120K)
 Metaspace       used 13107K, committed 13376K, reserved 1114112K
  class space    used 1441K, committed 1600K, reserved 1048576K
}
Event: 1.866 GC heap after
{Heap after GC invocations=3 (full 0):
 garbage-first heap   total 251904K, used 17148K [0x0000000080000000, 0x0000000100000000)
  region size 1024K, 5 young (5120K), 5 survivors (5120K)
 Metaspace       used 13107K, committed 13376K, reserved 1114112K
  class space    used 1441K, committed 1600K, reserved 1048576K
}
Event: 4.669 GC heap before
{Heap before GC invocations=3 (full 0):
 garbage-first heap   total 251904K, used 43772K [0x0000000080000000, 0x0000000100000000)
  region size 1024K, 32 young (32768K), 5 survivors (5120K)
 Metaspace       used 21134K, committed 21504K, reserved 1114112K
  class space    used 2433K, committed 2624K, reserved 1048576K
}
Event: 4.674 GC heap after
{Heap after GC invocations=4 (full 0):
 garbage-first heap   total 251904K, used 20497K [0x0000000080000000, 0x0000000100000000)
  region size 1024K, 9 young (9216K), 9 survivors (9216K)
 Metaspace       used 21134K, committed 21504K, reserved 1114112K
  class space    used 2433K, committed 2624K, reserved 1048576K
}
Event: 5.693 GC heap before
{Heap before GC invocations=5 (full 0):
 garbage-first heap   total 71680K, used 69649K [0x0000000080000000, 0x0000000100000000)
  region size 1024K, 58 young (59392K), 9 survivors (9216K)
 Metaspace       used 29210K, committed 29824K, reserved 1114112K
  class space    used 3715K, committed 3968K, reserved 1048576K
}
Event: 5.701 GC heap after
{Heap after GC invocations=6 (full 0):
 garbage-first heap   total 83968K, used 23556K [0x0000000080000000, 0x0000000100000000)
  region size 1024K, 12 young (12288K), 12 survivors (12288K)
 Metaspace       used 29210K, committed 29824K, reserved 1114112K
  class space    used 3715K, committed 3968K, reserved 1048576K
}
Event: 6.748 GC heap before
{Heap before GC invocations=6 (full 0):
 garbage-first heap   total 83968K, used 60420K [0x0000000080000000, 0x0000000100000000)
  region size 1024K, 49 young (50176K), 12 survivors (12288K)
 Metaspace       used 34331K, committed 35200K, reserved 1114112K
  class space    used 4573K, committed 4992K, reserved 1048576K
}
Event: 6.756 GC heap after
{Heap after GC invocations=7 (full 0):
 garbage-first heap   total 83968K, used 25414K [0x0000000080000000, 0x0000000100000000)
  region size 1024K, 6 young (6144K), 6 survivors (6144K)
 Metaspace       used 34331K, committed 35200K, reserved 1114112K
  class space    used 4573K, committed 4992K, reserved 1048576K
}
Event: 6.962 GC heap before
{Heap before GC invocations=7 (full 0):
 garbage-first heap   total 83968K, used 30534K [0x0000000080000000, 0x0000000100000000)
  region size 1024K, 13 young (13312K), 6 survivors (6144K)
 Metaspace       used 35102K, committed 35968K, reserved 1114112K
  class space    used 4700K, committed 5120K, reserved 1048576K
}
Event: 6.967 GC heap after
{Heap after GC invocations=8 (full 0):
 garbage-first heap   total 83968K, used 26326K [0x0000000080000000, 0x0000000100000000)
  region size 1024K, 4 young (4096K), 4 survivors (4096K)
 Metaspace       used 35102K, committed 35968K, reserved 1114112K
  class space    used 4700K, committed 5120K, reserved 1048576K
}
Event: 7.822 GC heap before
{Heap before GC invocations=9 (full 0):
 garbage-first heap   total 83968K, used 70358K [0x0000000080000000, 0x0000000100000000)
  region size 1024K, 48 young (49152K), 4 survivors (4096K)
 Metaspace       used 41620K, committed 42816K, reserved 1114112K
  class space    used 5644K, committed 6208K, reserved 1048576K
}
Event: 7.826 GC heap after
{Heap after GC invocations=10 (full 0):
 garbage-first heap   total 83968K, used 28898K [0x0000000080000000, 0x0000000100000000)
  region size 1024K, 6 young (6144K), 6 survivors (6144K)
 Metaspace       used 41620K, committed 42816K, reserved 1114112K
  class space    used 5644K, committed 6208K, reserved 1048576K
}
Event: 8.348 GC heap before
{Heap before GC invocations=10 (full 0):
 garbage-first heap   total 83968K, used 70882K [0x0000000080000000, 0x0000000100000000)
  region size 1024K, 48 young (49152K), 6 survivors (6144K)
 Metaspace       used 46684K, committed 48064K, reserved 1114112K
  class space    used 6231K, committed 6912K, reserved 1048576K
}
Event: 8.357 GC heap after
{Heap after GC invocations=11 (full 0):
 garbage-first heap   total 83968K, used 32216K [0x0000000080000000, 0x0000000100000000)
  region size 1024K, 6 young (6144K), 6 survivors (6144K)
 Metaspace       used 46684K, committed 48064K, reserved 1114112K
  class space    used 6231K, committed 6912K, reserved 1048576K
}
Event: 8.757 GC heap before
{Heap before GC invocations=11 (full 0):
 garbage-first heap   total 83968K, used 72152K [0x0000000080000000, 0x0000000100000000)
  region size 1024K, 45 young (46080K), 6 survivors (6144K)
 Metaspace       used 49378K, committed 50816K, reserved 1114112K
  class space    used 6664K, committed 7360K, reserved 1048576K
}
Event: 8.762 GC heap after
{Heap after GC invocations=12 (full 0):
 garbage-first heap   total 83968K, used 35495K [0x0000000080000000, 0x0000000100000000)
  region size 1024K, 6 young (6144K), 6 survivors (6144K)
 Metaspace       used 49378K, committed 50816K, reserved 1114112K
  class space    used 6664K, committed 7360K, reserved 1048576K
}

